#
# There is insufficient memory for the Java Runtime Environment to continue.
# Native memory allocation (malloc) failed to allocate 232864 bytes. Error detail: Chunk::new
# Possible reasons:
#   The system is out of physical RAM or swap space
#   This process is running with CompressedOops enabled, and the Java Heap may be blocking the growth of the native heap
# Possible solutions:
#   Reduce memory load on the system
#   Increase physical memory or swap space
#   Check if swap backing store is full
#   Decrease Java heap size (-Xmx/-Xms)
#   Decrease number of Java threads
#   Decrease Java thread stack sizes (-Xss)
#   Set larger code cache with -XX:ReservedCodeCacheSize=
#   JVM is running with Unscaled Compressed Oops mode in which the Java heap is
#     placed in the first 4GB address space. The Java Heap base address is the
#     maximum limit for the native heap growth. Please use -XX:HeapBaseMinAddress
#     to set the Java Heap base and to place the Java Heap above 4GB virtual address.
# This output file may be truncated or incomplete.
#
#  Out of Memory Error (arena.cpp:191), pid=2704, tid=23708
#
# JRE version: OpenJDK Runtime Environment Temurin-17.0.12+7 (17.0.12+7) (build 17.0.12+7)
# Java VM: OpenJDK 64-Bit Server VM Temurin-17.0.12+7 (17.0.12+7, mixed mode, tiered, compressed oops, compressed class ptrs, parallel gc, windows-amd64)
# No core dump will be written. Minidumps are not enabled by default on client versions of Windows
#

---------------  S U M M A R Y ------------

Command Line: --add-modules=ALL-SYSTEM --add-opens=java.base/java.util=ALL-UNNAMED --add-opens=java.base/java.lang=ALL-UNNAMED --add-opens=java.base/sun.nio.fs=ALL-UNNAMED -Declipse.application=org.eclipse.jdt.ls.core.id1 -Dosgi.bundles.defaultStartLevel=4 -Declipse.product=org.eclipse.jdt.ls.core.product -Djava.import.generatesMetadataFilesAtProjectRoot=false -DDetectVMInstallationsJob.disabled=true -Dfile.encoding=utf8 -XX:+UseParallelGC -XX:GCTimeRatio=4 -XX:AdaptiveSizePolicyWeight=90 -Dsun.zip.disableMemoryMapping=true -Xmx1G -Xms100m -Xlog:disable -javaagent:c:\Users\pc\.vscode\extensions\redhat.java-1.35.1-win32-x64\lombok\lombok-1.18.33.jar c:\Users\pc\.vscode\extensions\redhat.java-1.35.1-win32-x64\server\plugins\org.eclipse.equinox.launcher_1.6.900.v20240613-2009.jar -configuration c:\Users\pc\AppData\Roaming\Code\User\globalStorage\redhat.java\1.35.1\config_ss_win -data c:\Users\pc\AppData\Roaming\Code\User\workspaceStorage\b62db1bfc04d2c11a2b7149a988de117\redhat.java\ss_ws --pipe=\\.\pipe\lsp-98e4bd6ae5e59ecb484e3d121f897f59-sock

Host: 11th Gen Intel(R) Core(TM) i5-1135G7 @ 2.40GHz, 8 cores, 7G,  Windows 11 , 64 bit Build 22621 (10.0.22621.3958)
Time: Thu Oct 10 14:55:07 2024 Maroc (heure d64 bit Build 22621 (10.0.22621.3958) elapsed time: 12.633562 seconds (0d 0h 0m 12s)

---------------  T H R E A D  ---------------

Current thread (0x00000174398fd660):  JavaThread "C2 CompilerThread0" daemon [_thread_in_native, id=23708, stack(0x0000000914b00000,0x0000000914c00000)]


Current CompileTask:
C2:  12633 2815       4       java.lang.Object::toString (36 bytes)

Stack: [0x0000000914b00000,0x0000000914c00000]
Native frames: (J=compiled Java code, j=interpreted, Vv=VM code, C=native code)
V  [jvm.dll+0x67f929]
V  [jvm.dll+0x8371ba]
V  [jvm.dll+0x838c7e]
V  [jvm.dll+0x8392e3]
V  [jvm.dll+0x24834f]
V  [jvm.dll+0xac9d4]
V  [jvm.dll+0xad01c]
V  [jvm.dll+0x3674a7]
V  [jvm.dll+0x1bd376]
V  [jvm.dll+0x21aa09]
V  [jvm.dll+0x219cf1]
V  [jvm.dll+0x1a58bd]
V  [jvm.dll+0x229a2d]
V  [jvm.dll+0x227bdc]
V  [jvm.dll+0x7ec1f7]
V  [jvm.dll+0x7e65dc]
V  [jvm.dll+0x67e7f7]
C  [ucrtbase.dll+0x29333]
C  [KERNEL32.DLL+0x1257d]
C  [ntdll.dll+0x5af08]


---------------  P R O C E S S  ---------------

Threads class SMR info:
_java_thread_list=0x000001743bdf14e0, length=21, elements={
0x0000017420923610, 0x00000174347a5010, 0x00000174347a6d70, 0x00000174398f8320,
0x00000174398f8bf0, 0x00000174398fbf00, 0x00000174398fc8c0, 0x00000174398fd660,
0x0000017439928cd0, 0x000001743995f230, 0x0000017420987850, 0x0000017439c8e3c0,
0x000001743b1de7d0, 0x000001743b549440, 0x000001743b51da90, 0x000001743b493380,
0x000001743b5d9df0, 0x000001743b5d98e0, 0x000001743b5da300, 0x000001743b5d93d0,
0x000001743b5d8ec0
}

Java Threads: ( => current thread )
  0x0000017420923610 JavaThread "main" [_thread_in_native, id=5280, stack(0x0000000914200000,0x0000000914300000)]
  0x00000174347a5010 JavaThread "Reference Handler" daemon [_thread_blocked, id=24084, stack(0x0000000914500000,0x0000000914600000)]
  0x00000174347a6d70 JavaThread "Finalizer" daemon [_thread_blocked, id=13156, stack(0x0000000914600000,0x0000000914700000)]
  0x00000174398f8320 JavaThread "Signal Dispatcher" daemon [_thread_blocked, id=15728, stack(0x0000000914700000,0x0000000914800000)]
  0x00000174398f8bf0 JavaThread "Attach Listener" daemon [_thread_blocked, id=6312, stack(0x0000000914800000,0x0000000914900000)]
  0x00000174398fbf00 JavaThread "Service Thread" daemon [_thread_blocked, id=6136, stack(0x0000000914900000,0x0000000914a00000)]
  0x00000174398fc8c0 JavaThread "Monitor Deflation Thread" daemon [_thread_blocked, id=30560, stack(0x0000000914a00000,0x0000000914b00000)]
=>0x00000174398fd660 JavaThread "C2 CompilerThread0" daemon [_thread_in_native, id=23708, stack(0x0000000914b00000,0x0000000914c00000)]
  0x0000017439928cd0 JavaThread "C1 CompilerThread0" daemon [_thread_in_native, id=28460, stack(0x0000000914c00000,0x0000000914d00000)]
  0x000001743995f230 JavaThread "Sweeper thread" daemon [_thread_blocked, id=15316, stack(0x0000000914d00000,0x0000000914e00000)]
  0x0000017420987850 JavaThread "Common-Cleaner" daemon [_thread_blocked, id=22784, stack(0x0000000914e00000,0x0000000914f00000)]
  0x0000017439c8e3c0 JavaThread "Notification Thread" daemon [_thread_blocked, id=16052, stack(0x0000000915000000,0x0000000915100000)]
  0x000001743b1de7d0 JavaThread "Active Thread: Equinox Container: f343fa53-8f6c-4389-b75f-b2f9cd789a45" [_thread_blocked, id=18744, stack(0x0000000914f00000,0x0000000915000000)]
  0x000001743b549440 JavaThread "Framework Event Dispatcher: Equinox Container: f343fa53-8f6c-4389-b75f-b2f9cd789a45" daemon [_thread_blocked, id=1784, stack(0x0000000915800000,0x0000000915900000)]
  0x000001743b51da90 JavaThread "Start Level: Equinox Container: f343fa53-8f6c-4389-b75f-b2f9cd789a45" daemon [_thread_blocked, id=7580, stack(0x0000000915900000,0x0000000915a00000)]
  0x000001743b493380 JavaThread "SCR Component Actor" daemon [_thread_blocked, id=13732, stack(0x0000000915a00000,0x0000000915b00000)]
  0x000001743b5d9df0 JavaThread "Worker-JM" [_thread_blocked, id=15840, stack(0x0000000915d00000,0x0000000915e00000)]
  0x000001743b5d98e0 JavaThread "Worker-0" [_thread_blocked, id=628, stack(0x0000000915e00000,0x0000000915f00000)]
  0x000001743b5da300 JavaThread "Worker-1" [_thread_blocked, id=28016, stack(0x0000000915f00000,0x0000000916000000)]
  0x000001743b5d93d0 JavaThread "Worker-2" [_thread_blocked, id=17932, stack(0x0000000916100000,0x0000000916200000)]
  0x000001743b5d8ec0 JavaThread "JNA Cleaner" daemon [_thread_blocked, id=21588, stack(0x0000000915c00000,0x0000000915d00000)]

Other Threads:
  0x00000174209ce9b0 VMThread "VM Thread" [stack: 0x0000000914400000,0x0000000914500000] [id=22440]
  0x000001743aa9c9e0 WatcherThread [stack: 0x0000000915100000,0x0000000915200000] [id=21912]
  0x0000017420936780 GCTaskThread "GC Thread#0" [stack: 0x0000000914300000,0x0000000914400000] [id=22572]
  0x000001743b48e570 GCTaskThread "GC Thread#1" [stack: 0x0000000915200000,0x0000000915300000] [id=9636]
  0x000001743b48e830 GCTaskThread "GC Thread#2" [stack: 0x0000000915300000,0x0000000915400000] [id=26672]
  0x000001743b161020 GCTaskThread "GC Thread#3" [stack: 0x0000000915400000,0x0000000915500000] [id=25616]
  0x000001743b1612e0 GCTaskThread "GC Thread#4" [stack: 0x0000000915500000,0x0000000915600000] [id=4272]
  0x000001743b1615a0 GCTaskThread "GC Thread#5" [stack: 0x0000000915600000,0x0000000915700000] [id=7296]
  0x000001743b0e5040 GCTaskThread "GC Thread#6" [stack: 0x0000000915700000,0x0000000915800000] [id=22972]
  0x000001743af86b80 GCTaskThread "GC Thread#7" [stack: 0x0000000915b00000,0x0000000915c00000] [id=4184]

Threads with active compile tasks:
C2 CompilerThread0    12694 2815       4       java.lang.Object::toString (36 bytes)
C1 CompilerThread0    12694 2828       3       jdk.internal.org.objectweb.asm.ClassWriter::toByteArray (1535 bytes)

VM state: not at safepoint (normal execution)

VM Mutex/Monitor currently owned by a thread: None

Heap address: 0x00000000c0000000, size: 1024 MB, Compressed Oops mode: 32-bit

CDS archive(s) not mapped
Compressed class space mapped at: 0x0000000100000000-0x0000000140000000, reserved size: 1073741824
Narrow klass base: 0x0000000000000000, Narrow klass shift: 3, Narrow klass range: 0x140000000

GC Precious Log:
 CPUs: 8 total, 8 available
 Memory: 7932M
 Large Page Support: Disabled
 NUMA Support: Disabled
 Compressed Oops: Enabled (32-bit)
 Alignments: Space 512K, Generation 512K, Heap 2M
 Heap Min Capacity: 100M
 Heap Initial Capacity: 100M
 Heap Max Capacity: 1G
 Pre-touch: Disabled
 Parallel Workers: 8

Heap:
 PSYoungGen      total 27136K, used 9980K [0x00000000eab00000, 0x00000000ecb80000, 0x0000000100000000)
  eden space 24064K, 28% used [0x00000000eab00000,0x00000000eb1c6ce8,0x00000000ec280000)
  from space 3072K, 99% used [0x00000000ec300000,0x00000000ec5f86a8,0x00000000ec600000)
  to   space 4608K, 0% used [0x00000000ec700000,0x00000000ec700000,0x00000000ecb80000)
 ParOldGen       total 68608K, used 8158K [0x00000000c0000000, 0x00000000c4300000, 0x00000000eab00000)
  object space 68608K, 11% used [0x00000000c0000000,0x00000000c07f7800,0x00000000c4300000)
 Metaspace       used 31808K, committed 32448K, reserved 1114112K
  class space    used 3103K, committed 3392K, reserved 1048576K

Card table byte_map: [0x00000174202b0000,0x00000174204c0000] _byte_map_base: 0x000001741fcb0000

Marking Bits: (ParMarkBitMap*) 0x00007ffcbd3c58b0
 Begin Bits: [0x00000174325b0000, 0x00000174335b0000)
 End Bits:   [0x00000174335b0000, 0x00000174345b0000)

Polling page: 0x000001741e870000

Metaspace:

Usage:
  Non-class:     28.03 MB used.
      Class:      3.03 MB used.
       Both:     31.06 MB used.

Virtual space:
  Non-class space:       64.00 MB reserved,      28.38 MB ( 44%) committed,  1 nodes.
      Class space:        1.00 GB reserved,       3.31 MB ( <1%) committed,  1 nodes.
             Both:        1.06 GB reserved,      31.69 MB (  3%) committed. 

Chunk freelists:
   Non-Class:  3.59 MB
       Class:  12.60 MB
        Both:  16.19 MB

MaxMetaspaceSize: unlimited
CompressedClassSpaceSize: 1.00 GB
Initial GC threshold: 21.00 MB
Current GC threshold: 35.00 MB
CDS: off
MetaspaceReclaimPolicy: balanced
 - commit_granule_bytes: 65536.
 - commit_granule_words: 8192.
 - virtual_space_node_default_size: 8388608.
 - enlarge_chunks_in_place: 1.
 - new_chunks_are_fully_committed: 0.
 - uncommit_free_chunks: 1.
 - use_allocation_guard: 0.
 - handle_deallocations: 1.


Internal statistics:

num_allocs_failed_limit: 5.
num_arena_births: 312.
num_arena_deaths: 14.
num_vsnodes_births: 2.
num_vsnodes_deaths: 0.
num_space_committed: 507.
num_space_uncommitted: 0.
num_chunks_returned_to_freelist: 19.
num_chunks_taken_from_freelist: 1181.
num_chunk_merges: 7.
num_chunk_splits: 785.
num_chunks_enlarged: 543.
num_inconsistent_stats: 0.

CodeHeap 'non-profiled nmethods': size=120000Kb used=1271Kb max_used=1271Kb free=118728Kb
 bounds [0x000001742b080000, 0x000001742b2f0000, 0x00000174325b0000]
CodeHeap 'profiled nmethods': size=120000Kb used=5523Kb max_used=5523Kb free=114477Kb
 bounds [0x00000174235b0000, 0x0000017423b20000, 0x000001742aae0000]
CodeHeap 'non-nmethods': size=5760Kb used=1271Kb max_used=1287Kb free=4488Kb
 bounds [0x000001742aae0000, 0x000001742ad50000, 0x000001742b080000]
 total_blobs=3394 nmethods=2819 adapters=488
 compilation: enabled
              stopped_count=0, restarted_count=0
 full_count=0

Compilation events (20 events):
Event: 12.494 Thread 0x0000017439928cd0 nmethod 2810 0x0000017423b11410 code [0x0000017423b115c0, 0x0000017423b117f8]
Event: 12.494 Thread 0x0000017439928cd0 2811       3       java.net.URL::<init> (11 bytes)
Event: 12.494 Thread 0x0000017439928cd0 nmethod 2811 0x0000017423b11910 code [0x0000017423b11ac0, 0x0000017423b11c08]
Event: 12.496 Thread 0x00000174398fd660 2812   !   4       java.lang.String::<init> (840 bytes)
Event: 12.501 Thread 0x0000017439928cd0 2813       1       java.lang.reflect.Method::getSharedParameterTypes (5 bytes)
Event: 12.501 Thread 0x0000017439928cd0 nmethod 2813 0x000001742b1bc690 code [0x000001742b1bc820, 0x000001742b1bc8f8]
Event: 12.505 Thread 0x00000174398fd660 nmethod 2812 0x000001742b1bc990 code [0x000001742b1bcb40, 0x000001742b1bd2a8]
Event: 12.510 Thread 0x0000017439928cd0 2814       1       java.lang.reflect.Method::getModifiers (5 bytes)
Event: 12.511 Thread 0x0000017439928cd0 nmethod 2814 0x000001742b1bd690 code [0x000001742b1bd820, 0x000001742b1bd8f8]
Event: 12.571 Thread 0x00000174398fd660 2815       4       java.lang.Object::toString (36 bytes)
Event: 12.583 Thread 0x0000017439928cd0 2816       3       org.eclipse.osgi.internal.log.EquinoxLogWriter::isLoggable (65 bytes)
Event: 12.583 Thread 0x0000017439928cd0 nmethod 2816 0x0000017423b11c90 code [0x0000017423b11ea0, 0x0000017423b123b8]
Event: 12.583 Thread 0x0000017439928cd0 2818   !   3       org.eclipse.osgi.internal.log.ExtendedLogReaderServiceFactory::safeIsLoggable (30 bytes)
Event: 12.584 Thread 0x0000017439928cd0 nmethod 2818 0x0000017423b12510 code [0x0000017423b12700, 0x0000017423b12d08]
Event: 12.584 Thread 0x0000017439928cd0 2817       3       org.eclipse.osgi.internal.log.ExtendedLogReaderServiceFactory::getCount (29 bytes)
Event: 12.584 Thread 0x0000017439928cd0 nmethod 2817 0x0000017423b12f10 code [0x0000017423b130e0, 0x0000017423b13538]
Event: 12.584 Thread 0x0000017439928cd0 2819       3       org.eclipse.osgi.container.Module::getStartLevel (9 bytes)
Event: 12.585 Thread 0x0000017439928cd0 nmethod 2819 0x0000017423b13690 code [0x0000017423b13820, 0x0000017423b13968]
Event: 12.591 Thread 0x0000017439928cd0 2821       3       java.nio.Buffer::<init> (105 bytes)
Event: 12.592 Thread 0x0000017439928cd0 nmethod 2821 0x0000017423b13a10 code [0x0000017423b13cc0, 0x0000017423b147d8]

GC Heap History (16 events):
Event: 1.821 GC heap before
{Heap before GC invocations=1 (full 0):
 PSYoungGen      total 29696K, used 25600K [0x00000000eab00000, 0x00000000ecc00000, 0x0000000100000000)
  eden space 25600K, 100% used [0x00000000eab00000,0x00000000ec400000,0x00000000ec400000)
  from space 4096K, 0% used [0x00000000ec800000,0x00000000ec800000,0x00000000ecc00000)
  to   space 4096K, 0% used [0x00000000ec400000,0x00000000ec400000,0x00000000ec800000)
 ParOldGen       total 68608K, used 0K [0x00000000c0000000, 0x00000000c4300000, 0x00000000eab00000)
  object space 68608K, 0% used [0x00000000c0000000,0x00000000c0000000,0x00000000c4300000)
 Metaspace       used 10943K, committed 11136K, reserved 1114112K
  class space    used 1088K, committed 1216K, reserved 1048576K
}
Event: 1.846 GC heap after
{Heap after GC invocations=1 (full 0):
 PSYoungGen      total 29696K, used 3172K [0x00000000eab00000, 0x00000000ecc00000, 0x0000000100000000)
  eden space 25600K, 0% used [0x00000000eab00000,0x00000000eab00000,0x00000000ec400000)
  from space 4096K, 77% used [0x00000000ec400000,0x00000000ec719340,0x00000000ec800000)
  to   space 4096K, 0% used [0x00000000ec800000,0x00000000ec800000,0x00000000ecc00000)
 ParOldGen       total 68608K, used 16K [0x00000000c0000000, 0x00000000c4300000, 0x00000000eab00000)
  object space 68608K, 0% used [0x00000000c0000000,0x00000000c0004000,0x00000000c4300000)
 Metaspace       used 10943K, committed 11136K, reserved 1114112K
  class space    used 1088K, committed 1216K, reserved 1048576K
}
Event: 3.885 GC heap before
{Heap before GC invocations=2 (full 0):
 PSYoungGen      total 29696K, used 28772K [0x00000000eab00000, 0x00000000ecc00000, 0x0000000100000000)
  eden space 25600K, 100% used [0x00000000eab00000,0x00000000ec400000,0x00000000ec400000)
  from space 4096K, 77% used [0x00000000ec400000,0x00000000ec719340,0x00000000ec800000)
  to   space 4096K, 0% used [0x00000000ec800000,0x00000000ec800000,0x00000000ecc00000)
 ParOldGen       total 68608K, used 16K [0x00000000c0000000, 0x00000000c4300000, 0x00000000eab00000)
  object space 68608K, 0% used [0x00000000c0000000,0x00000000c0004000,0x00000000c4300000)
 Metaspace       used 14673K, committed 14912K, reserved 1114112K
  class space    used 1486K, committed 1600K, reserved 1048576K
}
Event: 3.894 GC heap after
{Heap after GC invocations=2 (full 0):
 PSYoungGen      total 29696K, used 4089K [0x00000000eab00000, 0x00000000ecc00000, 0x0000000100000000)
  eden space 25600K, 0% used [0x00000000eab00000,0x00000000eab00000,0x00000000ec400000)
  from space 4096K, 99% used [0x00000000ec800000,0x00000000ecbfe7d0,0x00000000ecc00000)
  to   space 4096K, 0% used [0x00000000ec400000,0x00000000ec400000,0x00000000ec800000)
 ParOldGen       total 68608K, used 806K [0x00000000c0000000, 0x00000000c4300000, 0x00000000eab00000)
  object space 68608K, 1% used [0x00000000c0000000,0x00000000c00c9b80,0x00000000c4300000)
 Metaspace       used 14673K, committed 14912K, reserved 1114112K
  class space    used 1486K, committed 1600K, reserved 1048576K
}
Event: 5.694 GC heap before
{Heap before GC invocations=3 (full 0):
 PSYoungGen      total 29696K, used 29645K [0x00000000eab00000, 0x00000000ecc00000, 0x0000000100000000)
  eden space 25600K, 99% used [0x00000000eab00000,0x00000000ec3f4e10,0x00000000ec400000)
  from space 4096K, 99% used [0x00000000ec800000,0x00000000ecbfe7d0,0x00000000ecc00000)
  to   space 4096K, 0% used [0x00000000ec400000,0x00000000ec400000,0x00000000ec800000)
 ParOldGen       total 68608K, used 806K [0x00000000c0000000, 0x00000000c4300000, 0x00000000eab00000)
  object space 68608K, 1% used [0x00000000c0000000,0x00000000c00c9b80,0x00000000c4300000)
 Metaspace       used 19521K, committed 19904K, reserved 1114112K
  class space    used 1996K, committed 2176K, reserved 1048576K
}
Event: 5.703 GC heap after
{Heap after GC invocations=3 (full 0):
 PSYoungGen      total 29696K, used 4076K [0x00000000eab00000, 0x00000000ecc00000, 0x0000000100000000)
  eden space 25600K, 0% used [0x00000000eab00000,0x00000000eab00000,0x00000000ec400000)
  from space 4096K, 99% used [0x00000000ec400000,0x00000000ec7fb3b0,0x00000000ec800000)
  to   space 4096K, 0% used [0x00000000ec800000,0x00000000ec800000,0x00000000ecc00000)
 ParOldGen       total 68608K, used 2532K [0x00000000c0000000, 0x00000000c4300000, 0x00000000eab00000)
  object space 68608K, 3% used [0x00000000c0000000,0x00000000c02793d0,0x00000000c4300000)
 Metaspace       used 19521K, committed 19904K, reserved 1114112K
  class space    used 1996K, committed 2176K, reserved 1048576K
}
Event: 6.279 GC heap before
{Heap before GC invocations=4 (full 0):
 PSYoungGen      total 29696K, used 12943K [0x00000000eab00000, 0x00000000ecc00000, 0x0000000100000000)
  eden space 25600K, 34% used [0x00000000eab00000,0x00000000eb3a8860,0x00000000ec400000)
  from space 4096K, 99% used [0x00000000ec400000,0x00000000ec7fb3b0,0x00000000ec800000)
  to   space 4096K, 0% used [0x00000000ec800000,0x00000000ec800000,0x00000000ecc00000)
 ParOldGen       total 68608K, used 2532K [0x00000000c0000000, 0x00000000c4300000, 0x00000000eab00000)
  object space 68608K, 3% used [0x00000000c0000000,0x00000000c02793d0,0x00000000c4300000)
 Metaspace       used 21162K, committed 21504K, reserved 1114112K
  class space    used 2163K, committed 2304K, reserved 1048576K
}
Event: 6.285 GC heap after
{Heap after GC invocations=4 (full 0):
 PSYoungGen      total 29696K, used 4094K [0x00000000eab00000, 0x00000000ecc00000, 0x0000000100000000)
  eden space 25600K, 0% used [0x00000000eab00000,0x00000000eab00000,0x00000000ec400000)
  from space 4096K, 99% used [0x00000000ec800000,0x00000000ecbffaa0,0x00000000ecc00000)
  to   space 4096K, 0% used [0x00000000ec400000,0x00000000ec400000,0x00000000ec800000)
 ParOldGen       total 68608K, used 3340K [0x00000000c0000000, 0x00000000c4300000, 0x00000000eab00000)
  object space 68608K, 4% used [0x00000000c0000000,0x00000000c03431e0,0x00000000c4300000)
 Metaspace       used 21162K, committed 21504K, reserved 1114112K
  class space    used 2163K, committed 2304K, reserved 1048576K
}
Event: 6.285 GC heap before
{Heap before GC invocations=5 (full 1):
 PSYoungGen      total 29696K, used 4094K [0x00000000eab00000, 0x00000000ecc00000, 0x0000000100000000)
  eden space 25600K, 0% used [0x00000000eab00000,0x00000000eab00000,0x00000000ec400000)
  from space 4096K, 99% used [0x00000000ec800000,0x00000000ecbffaa0,0x00000000ecc00000)
  to   space 4096K, 0% used [0x00000000ec400000,0x00000000ec400000,0x00000000ec800000)
 ParOldGen       total 68608K, used 3340K [0x00000000c0000000, 0x00000000c4300000, 0x00000000eab00000)
  object space 68608K, 4% used [0x00000000c0000000,0x00000000c03431e0,0x00000000c4300000)
 Metaspace       used 21162K, committed 21504K, reserved 1114112K
  class space    used 2163K, committed 2304K, reserved 1048576K
}
Event: 6.323 GC heap after
{Heap after GC invocations=5 (full 1):
 PSYoungGen      total 29696K, used 0K [0x00000000eab00000, 0x00000000ecc00000, 0x0000000100000000)
  eden space 25600K, 0% used [0x00000000eab00000,0x00000000eab00000,0x00000000ec400000)
  from space 4096K, 0% used [0x00000000ec800000,0x00000000ec800000,0x00000000ecc00000)
  to   space 4096K, 0% used [0x00000000ec400000,0x00000000ec400000,0x00000000ec800000)
 ParOldGen       total 68608K, used 7308K [0x00000000c0000000, 0x00000000c4300000, 0x00000000eab00000)
  object space 68608K, 10% used [0x00000000c0000000,0x00000000c07232e0,0x00000000c4300000)
 Metaspace       used 21149K, committed 21504K, reserved 1114112K
  class space    used 2159K, committed 2304K, reserved 1048576K
}
Event: 6.897 GC heap before
{Heap before GC invocations=6 (full 1):
 PSYoungGen      total 29696K, used 25600K [0x00000000eab00000, 0x00000000ecc00000, 0x0000000100000000)
  eden space 25600K, 100% used [0x00000000eab00000,0x00000000ec400000,0x00000000ec400000)
  from space 4096K, 0% used [0x00000000ec800000,0x00000000ec800000,0x00000000ecc00000)
  to   space 4096K, 0% used [0x00000000ec400000,0x00000000ec400000,0x00000000ec800000)
 ParOldGen       total 68608K, used 7308K [0x00000000c0000000, 0x00000000c4300000, 0x00000000eab00000)
  object space 68608K, 10% used [0x00000000c0000000,0x00000000c07232e0,0x00000000c4300000)
 Metaspace       used 24238K, committed 24768K, reserved 1114112K
  class space    used 2376K, committed 2624K, reserved 1048576K
}
Event: 6.899 GC heap after
{Heap after GC invocations=6 (full 1):
 PSYoungGen      total 26112K, used 789K [0x00000000eab00000, 0x00000000ec880000, 0x0000000100000000)
  eden space 25088K, 0% used [0x00000000eab00000,0x00000000eab00000,0x00000000ec380000)
  from space 1024K, 77% used [0x00000000ec400000,0x00000000ec4c5638,0x00000000ec500000)
  to   space 2560K, 0% used [0x00000000ec600000,0x00000000ec600000,0x00000000ec880000)
 ParOldGen       total 68608K, used 7316K [0x00000000c0000000, 0x00000000c4300000, 0x00000000eab00000)
  object space 68608K, 10% used [0x00000000c0000000,0x00000000c07252e0,0x00000000c4300000)
 Metaspace       used 24238K, committed 24768K, reserved 1114112K
  class space    used 2376K, committed 2624K, reserved 1048576K
}
Event: 8.101 GC heap before
{Heap before GC invocations=7 (full 1):
 PSYoungGen      total 26112K, used 25877K [0x00000000eab00000, 0x00000000ec880000, 0x0000000100000000)
  eden space 25088K, 100% used [0x00000000eab00000,0x00000000ec380000,0x00000000ec380000)
  from space 1024K, 77% used [0x00000000ec400000,0x00000000ec4c5638,0x00000000ec500000)
  to   space 2560K, 0% used [0x00000000ec600000,0x00000000ec600000,0x00000000ec880000)
 ParOldGen       total 68608K, used 7316K [0x00000000c0000000, 0x00000000c4300000, 0x00000000eab00000)
  object space 68608K, 10% used [0x00000000c0000000,0x00000000c07252e0,0x00000000c4300000)
 Metaspace       used 27012K, committed 27520K, reserved 1114112K
  class space    used 2602K, committed 2816K, reserved 1048576K
}
Event: 8.104 GC heap after
{Heap after GC invocations=7 (full 1):
 PSYoungGen      total 27136K, used 2542K [0x00000000eab00000, 0x00000000ec900000, 0x0000000100000000)
  eden space 24576K, 0% used [0x00000000eab00000,0x00000000eab00000,0x00000000ec300000)
  from space 2560K, 99% used [0x00000000ec600000,0x00000000ec87b998,0x00000000ec880000)
  to   space 3072K, 0% used [0x00000000ec300000,0x00000000ec300000,0x00000000ec600000)
 ParOldGen       total 68608K, used 7332K [0x00000000c0000000, 0x00000000c4300000, 0x00000000eab00000)
  object space 68608K, 10% used [0x00000000c0000000,0x00000000c07292e0,0x00000000c4300000)
 Metaspace       used 27012K, committed 27520K, reserved 1114112K
  class space    used 2602K, committed 2816K, reserved 1048576K
}
Event: 11.034 GC heap before
{Heap before GC invocations=8 (full 1):
 PSYoungGen      total 27136K, used 27118K [0x00000000eab00000, 0x00000000ec900000, 0x0000000100000000)
  eden space 24576K, 100% used [0x00000000eab00000,0x00000000ec300000,0x00000000ec300000)
  from space 2560K, 99% used [0x00000000ec600000,0x00000000ec87b998,0x00000000ec880000)
  to   space 3072K, 0% used [0x00000000ec300000,0x00000000ec300000,0x00000000ec600000)
 ParOldGen       total 68608K, used 7332K [0x00000000c0000000, 0x00000000c4300000, 0x00000000eab00000)
  object space 68608K, 10% used [0x00000000c0000000,0x00000000c07292e0,0x00000000c4300000)
 Metaspace       used 30602K, committed 31168K, reserved 1114112K
  class space    used 2967K, committed 3200K, reserved 1048576K
}
Event: 11.039 GC heap after
{Heap after GC invocations=8 (full 1):
 PSYoungGen      total 27136K, used 3041K [0x00000000eab00000, 0x00000000ecb80000, 0x0000000100000000)
  eden space 24064K, 0% used [0x00000000eab00000,0x00000000eab00000,0x00000000ec280000)
  from space 3072K, 99% used [0x00000000ec300000,0x00000000ec5f86a8,0x00000000ec600000)
  to   space 4608K, 0% used [0x00000000ec700000,0x00000000ec700000,0x00000000ecb80000)
 ParOldGen       total 68608K, used 8158K [0x00000000c0000000, 0x00000000c4300000, 0x00000000eab00000)
  object space 68608K, 11% used [0x00000000c0000000,0x00000000c07f7800,0x00000000c4300000)
 Metaspace       used 30602K, committed 31168K, reserved 1114112K
  class space    used 2967K, committed 3200K, reserved 1048576K
}

Dll operation events (10 events):
Event: 0.028 Loaded shared library c:\Users\pc\.vscode\extensions\redhat.java-1.35.1-win32-x64\jre\17.0.12-win32-x86_64\bin\java.dll
Event: 0.398 Loaded shared library c:\Users\pc\.vscode\extensions\redhat.java-1.35.1-win32-x64\jre\17.0.12-win32-x86_64\bin\zip.dll
Event: 0.406 Loaded shared library C:\Users\pc\.vscode\extensions\redhat.java-1.35.1-win32-x64\jre\17.0.12-win32-x86_64\bin\instrument.dll
Event: 0.436 Loaded shared library C:\Users\pc\.vscode\extensions\redhat.java-1.35.1-win32-x64\jre\17.0.12-win32-x86_64\bin\net.dll
Event: 0.443 Loaded shared library C:\Users\pc\.vscode\extensions\redhat.java-1.35.1-win32-x64\jre\17.0.12-win32-x86_64\bin\nio.dll
Event: 0.458 Loaded shared library C:\Users\pc\.vscode\extensions\redhat.java-1.35.1-win32-x64\jre\17.0.12-win32-x86_64\bin\zip.dll
Event: 0.495 Loaded shared library C:\Users\pc\.vscode\extensions\redhat.java-1.35.1-win32-x64\jre\17.0.12-win32-x86_64\bin\jimage.dll
Event: 0.617 Loaded shared library c:\Users\pc\.vscode\extensions\redhat.java-1.35.1-win32-x64\jre\17.0.12-win32-x86_64\bin\verify.dll
Event: 3.544 Loaded shared library C:\Users\pc\AppData\Roaming\Code\User\globalStorage\redhat.java\1.35.1\config_ss_win\org.eclipse.equinox.launcher\org.eclipse.equinox.launcher.win32.win32.x86_64_1.2.1100.v20240722-2106\eclipse_11904.dll
Event: 12.382 Loaded shared library C:\Users\pc\AppData\Local\Temp\jna-3571\jna7172461121912288323.dll

Deoptimization events (20 events):
Event: 11.209 Thread 0x000001743b51da90 Uncommon trap: trap_request=0xffffff45 fr.pc=0x000001742b1ac860 relative=0x0000000000000e60
Event: 11.209 Thread 0x000001743b51da90 Uncommon trap: reason=unstable_if action=reinterpret pc=0x000001742b1ac860 method=java.util.Properties$LineReader.readLine()I @ 256 c2
Event: 11.209 Thread 0x000001743b51da90 DEOPT PACKING pc=0x000001742b1ac860 sp=0x00000009159fb250
Event: 11.209 Thread 0x000001743b51da90 DEOPT UNPACKING pc=0x000001742ab39ea3 sp=0x00000009159fb1e8 mode 2
Event: 11.227 Thread 0x000001743b51da90 Uncommon trap: trap_request=0xffffff45 fr.pc=0x000001742b0da3b8 relative=0x00000000000006b8
Event: 11.227 Thread 0x000001743b51da90 Uncommon trap: reason=unstable_if action=reinterpret pc=0x000001742b0da3b8 method=java.lang.String.replace(Ljava/lang/CharSequence;Ljava/lang/CharSequence;)Ljava/lang/String; @ 42 c2
Event: 11.227 Thread 0x000001743b51da90 DEOPT PACKING pc=0x000001742b0da3b8 sp=0x00000009159fb710
Event: 11.227 Thread 0x000001743b51da90 DEOPT UNPACKING pc=0x000001742ab39ea3 sp=0x00000009159fb6a0 mode 2
Event: 12.435 Thread 0x000001743b51da90 Uncommon trap: trap_request=0xffffff45 fr.pc=0x000001742b1515c8 relative=0x0000000000000ae8
Event: 12.435 Thread 0x000001743b51da90 Uncommon trap: reason=unstable_if action=reinterpret pc=0x000001742b1515c8 method=jdk.internal.org.objectweb.asm.SymbolTable.put(Ljdk/internal/org/objectweb/asm/SymbolTable$Entry;)Ljdk/internal/org/objectweb/asm/SymbolTable$Entry; @ 13 c2
Event: 12.435 Thread 0x000001743b51da90 DEOPT PACKING pc=0x000001742b1515c8 sp=0x00000009159fbc60
Event: 12.435 Thread 0x000001743b51da90 DEOPT UNPACKING pc=0x000001742ab39ea3 sp=0x00000009159fbba8 mode 2
Event: 12.474 Thread 0x000001743b51da90 Uncommon trap: trap_request=0xffffff76 fr.pc=0x000001742b1b4a68 relative=0x0000000000000628
Event: 12.474 Thread 0x000001743b51da90 Uncommon trap: reason=predicate action=maybe_recompile pc=0x000001742b1b4a68 method=java.util.TreeMap.getEntryUsingComparator(Ljava/lang/Object;)Ljava/util/TreeMap$Entry; @ 19 c2
Event: 12.474 Thread 0x000001743b51da90 DEOPT PACKING pc=0x000001742b1b4a68 sp=0x00000009159fc6a0
Event: 12.474 Thread 0x000001743b51da90 DEOPT UNPACKING pc=0x000001742ab39ea3 sp=0x00000009159fc5c0 mode 2
Event: 12.605 Thread 0x0000017420923610 Uncommon trap: trap_request=0xffffff76 fr.pc=0x000001742b1b35d0 relative=0x0000000000000610
Event: 12.605 Thread 0x0000017420923610 Uncommon trap: reason=predicate action=maybe_recompile pc=0x000001742b1b35d0 method=java.util.TreeMap.getEntryUsingComparator(Ljava/lang/Object;)Ljava/util/TreeMap$Entry; @ 19 c2
Event: 12.605 Thread 0x0000017420923610 DEOPT PACKING pc=0x000001742b1b35d0 sp=0x00000009142fdfa0
Event: 12.605 Thread 0x0000017420923610 DEOPT UNPACKING pc=0x000001742ab39ea3 sp=0x00000009142fdf50 mode 2

Classes loaded (20 events):
Event: 12.484 Loading class java/security/spec/InvalidKeySpecException
Event: 12.484 Loading class java/security/spec/InvalidKeySpecException done
Event: 12.484 Loading class javax/crypto/NoSuchPaddingException
Event: 12.484 Loading class javax/crypto/NoSuchPaddingException done
Event: 12.485 Loading class javax/crypto/spec/PBEKeySpec
Event: 12.486 Loading class javax/crypto/spec/PBEKeySpec done
Event: 12.486 Loading class sun/net/ProgressMonitor
Event: 12.487 Loading class sun/net/ProgressMonitor done
Event: 12.487 Loading class sun/net/DefaultProgressMeteringPolicy
Event: 12.488 Loading class sun/net/ProgressMeteringPolicy
Event: 12.488 Loading class sun/net/ProgressMeteringPolicy done
Event: 12.488 Loading class sun/net/DefaultProgressMeteringPolicy done
Event: 12.500 Loading class java/lang/annotation/Documented
Event: 12.500 Loading class java/lang/annotation/Documented done
Event: 12.506 Loading class java/lang/Class$AnnotationData
Event: 12.506 Loading class java/lang/Class$AnnotationData done
Event: 12.509 Loading class jdk/internal/reflect/UnsafeBooleanFieldAccessorImpl
Event: 12.509 Loading class jdk/internal/reflect/UnsafeBooleanFieldAccessorImpl done
Event: 12.605 Loading class java/util/concurrent/Executors$DefaultThreadFactory
Event: 12.605 Loading class java/util/concurrent/Executors$DefaultThreadFactory done

Classes unloaded (7 events):
Event: 6.292 Thread 0x00000174209ce9b0 Unloading class 0x000000010021f400 'java/lang/invoke/LambdaForm$MH+0x000000010021f400'
Event: 6.292 Thread 0x00000174209ce9b0 Unloading class 0x000000010021f000 'java/lang/invoke/LambdaForm$MH+0x000000010021f000'
Event: 6.292 Thread 0x00000174209ce9b0 Unloading class 0x000000010021ec00 'java/lang/invoke/LambdaForm$MH+0x000000010021ec00'
Event: 6.292 Thread 0x00000174209ce9b0 Unloading class 0x000000010021e800 'java/lang/invoke/LambdaForm$MH+0x000000010021e800'
Event: 6.292 Thread 0x00000174209ce9b0 Unloading class 0x000000010021e400 'java/lang/invoke/LambdaForm$BMH+0x000000010021e400'
Event: 6.292 Thread 0x00000174209ce9b0 Unloading class 0x000000010021e000 'java/lang/invoke/LambdaForm$DMH+0x000000010021e000'
Event: 6.292 Thread 0x00000174209ce9b0 Unloading class 0x0000000100218400 'java/lang/invoke/LambdaForm$DMH+0x0000000100218400'

Classes redefined (0 events):
No events

Internal exceptions (20 events):
Event: 6.338 Thread 0x000001743b5d98e0 Exception <a 'java/lang/NoSuchMethodError'{0x00000000eabae9e8}: 'java.lang.Object java.lang.invoke.DirectMethodHandle$Holder.invokeSpecial(java.lang.Object, java.lang.Object, int, java.lang.Object, java.lang.Object)'> (0x00000000eabae9e8) 
thrown [s\src\hotspot\share\interpreter\linkResolver.cpp, line 759]
Event: 6.339 Thread 0x000001743b5d98e0 Exception <a 'java/lang/NoSuchMethodError'{0x00000000eabb60b8}: 'java.lang.Object java.lang.invoke.DirectMethodHandle$Holder.newInvokeSpecial(java.lang.Object, java.lang.Object, int, java.lang.Object)'> (0x00000000eabb60b8) 
thrown [s\src\hotspot\share\interpreter\linkResolver.cpp, line 759]
Event: 6.342 Thread 0x000001743b5d98e0 Exception <a 'java/lang/NoSuchMethodError'{0x00000000eabb9bc8}: 'java.lang.Object java.lang.invoke.DirectMethodHandle$Holder.invokeSpecial(java.lang.Object, java.lang.Object, java.lang.Object, int, java.lang.Object)'> (0x00000000eabb9bc8) 
thrown [s\src\hotspot\share\interpreter\linkResolver.cpp, line 759]
Event: 6.399 Thread 0x000001743b5d98e0 Exception <a 'java/lang/NoSuchMethodError'{0x00000000ead44890}: 'java.lang.Object java.lang.invoke.DirectMethodHandle$Holder.newInvokeSpecial(java.lang.Object, java.lang.Object, java.lang.Object, java.lang.Object, java.lang.Object)'> (0x00000000ead44890) 
thrown [s\src\hotspot\share\interpreter\linkResolver.cpp, line 759]
Event: 6.562 Thread 0x000001743b51da90 Exception <a 'java/lang/NoSuchMethodError'{0x00000000eaeded20}: 'double java.lang.invoke.DirectMethodHandle$Holder.invokeStatic(java.lang.Object, java.lang.Object)'> (0x00000000eaeded20) 
thrown [s\src\hotspot\share\interpreter\linkResolver.cpp, line 759]
Event: 6.562 Thread 0x000001743b51da90 Exception <a 'java/lang/NoSuchMethodError'{0x00000000eaee2638}: 'double java.lang.invoke.DirectMethodHandle$Holder.invokeStaticInit(java.lang.Object, java.lang.Object)'> (0x00000000eaee2638) 
thrown [s\src\hotspot\share\interpreter\linkResolver.cpp, line 759]
Event: 6.773 Thread 0x000001743b51da90 Exception <a 'java/io/FileNotFoundException'{0x00000000ebec4140}> (0x00000000ebec4140) 
thrown [s\src\hotspot\share\prims\jni.cpp, line 516]
Event: 6.773 Thread 0x000001743b51da90 Exception <a 'java/io/FileNotFoundException'{0x00000000ebec4f18}> (0x00000000ebec4f18) 
thrown [s\src\hotspot\share\prims\jni.cpp, line 516]
Event: 6.774 Thread 0x000001743b51da90 Exception <a 'java/io/FileNotFoundException'{0x00000000ebec5e48}> (0x00000000ebec5e48) 
thrown [s\src\hotspot\share\prims\jni.cpp, line 516]
Event: 7.108 Thread 0x000001743b51da90 Implicit null exception at 0x000001742b173648 to 0x000001742b173734
Event: 8.830 Thread 0x000001743b51da90 Exception <a 'java/lang/NoSuchMethodError'{0x00000000eb56ee10}: 'java.lang.Object java.lang.invoke.DirectMethodHandle$Holder.newInvokeSpecial(java.lang.Object, int, java.lang.Object, java.lang.Object)'> (0x00000000eb56ee10) 
thrown [s\src\hotspot\share\interpreter\linkResolver.cpp, line 759]
Event: 9.322 Thread 0x000001743b51da90 Exception <a 'sun/nio/fs/WindowsException'{0x00000000eb6a9f98}> (0x00000000eb6a9f98) 
thrown [s\src\hotspot\share\prims\jni.cpp, line 516]
Event: 9.380 Thread 0x000001743b51da90 Exception <a 'java/lang/NoSuchMethodError'{0x00000000eb752be0}: 'java.lang.Object java.lang.invoke.DirectMethodHandle$Holder.invokeStaticInit(java.lang.Object, int)'> (0x00000000eb752be0) 
thrown [s\src\hotspot\share\interpreter\linkResolver.cpp, line 759]
Event: 9.432 Thread 0x000001743b51da90 Exception <a 'java/lang/NoSuchMethodError'{0x00000000eb8aeab8}: 'java.lang.Object java.lang.invoke.DirectMethodHandle$Holder.invokeStaticInit(java.lang.Object, int, int, int, int)'> (0x00000000eb8aeab8) 
thrown [s\src\hotspot\share\interpreter\linkResolver.cpp, line 759]
Event: 10.052 Thread 0x000001743b51da90 Exception <a 'java/lang/NoSuchMethodError'{0x00000000eb9804b8}: 'java.lang.Object java.lang.invoke.DirectMethodHandle$Holder.invokeStaticInit(java.lang.Object, java.lang.Object, int, int, int, int)'> (0x00000000eb9804b8) 
thrown [s\src\hotspot\share\interpreter\linkResolver.cpp, line 759]
Event: 10.396 Thread 0x000001743b51da90 Exception <a 'java/lang/ClassNotFoundException'{0x00000000ebf12230}: com/sun/org/apache/xml/internal/serializer/spi/XMLEntitiesProvider> (0x00000000ebf12230) 
thrown [s\src\hotspot\share\classfile\systemDictionary.cpp, line 256]
Event: 11.017 Thread 0x000001743b51da90 Exception <a 'java/io/FileNotFoundException'{0x00000000ec2950f0}> (0x00000000ec2950f0) 
thrown [s\src\hotspot\share\prims\jni.cpp, line 516]
Event: 12.445 Thread 0x000001743b51da90 Exception <a 'java/lang/UnsatisfiedLinkError'{0x00000000eae6e980}: La procédure spécifiée est introuvable.
> (0x00000000eae6e980) 
thrown [s\src\hotspot\share\prims\jni.cpp, line 535]
Event: 12.460 Thread 0x000001743b51da90 Exception <a 'java/io/FileNotFoundException'{0x00000000eae963b8}> (0x00000000eae963b8) 
thrown [s\src\hotspot\share\prims\jni.cpp, line 516]
Event: 12.510 Thread 0x000001743b51da90 Exception <a 'java/lang/UnsatisfiedLinkError'{0x00000000eafbeac8}: La procédure spécifiée est introuvable.
> (0x00000000eafbeac8) 
thrown [s\src\hotspot\share\prims\jni.cpp, line 535]

VM Operations (20 events):
Event: 9.000 Executing VM operation: HandshakeAllThreads
Event: 9.301 Executing VM operation: HandshakeAllThreads done
Event: 9.301 Executing VM operation: Cleanup
Event: 9.303 Executing VM operation: Cleanup done
Event: 10.077 Executing VM operation: HandshakeAllThreads
Event: 10.077 Executing VM operation: HandshakeAllThreads done
Event: 10.077 Executing VM operation: HandshakeAllThreads
Event: 10.077 Executing VM operation: HandshakeAllThreads done
Event: 10.712 Executing VM operation: HandshakeAllThreads
Event: 10.713 Executing VM operation: HandshakeAllThreads done
Event: 10.713 Executing VM operation: Cleanup
Event: 10.714 Executing VM operation: Cleanup done
Event: 10.908 Executing VM operation: HandshakeAllThreads
Event: 10.908 Executing VM operation: HandshakeAllThreads done
Event: 11.034 Executing VM operation: ParallelGCFailedAllocation
Event: 11.039 Executing VM operation: ParallelGCFailedAllocation done
Event: 12.416 Executing VM operation: HandshakeAllThreads
Event: 12.416 Executing VM operation: HandshakeAllThreads done
Event: 12.416 Executing VM operation: Cleanup
Event: 12.416 Executing VM operation: Cleanup done

Events (20 events):
Event: 0.236 Thread 0x000001743995f230 Thread added: 0x000001743995f230
Event: 0.335 Thread 0x0000017420987850 Thread added: 0x0000017420987850
Event: 0.380 Thread 0x0000017439a86230 Thread added: 0x0000017439a86230
Event: 0.807 Thread 0x0000017439c8e3c0 Thread added: 0x0000017439c8e3c0
Event: 1.850 Thread 0x0000017439a86230 Thread exited: 0x0000017439a86230
Event: 2.835 Thread 0x000001743b1de7d0 Thread added: 0x000001743b1de7d0
Event: 3.166 Thread 0x000001743b3066c0 Thread added: 0x000001743b3066c0
Event: 3.301 Thread 0x000001743b3066c0 Thread exited: 0x000001743b3066c0
Event: 3.522 Thread 0x000001743b549440 Thread added: 0x000001743b549440
Event: 3.534 Thread 0x000001743b51da90 Thread added: 0x000001743b51da90
Event: 3.643 Thread 0x000001743b493380 Thread added: 0x000001743b493380
Event: 4.053 Thread 0x000001743b4f82b0 Thread added: 0x000001743b4f82b0
Event: 4.948 Thread 0x000001743b5d9df0 Thread added: 0x000001743b5d9df0
Event: 6.165 Thread 0x000001743b5d98e0 Thread added: 0x000001743b5d98e0
Event: 6.340 Thread 0x000001743b5da300 Thread added: 0x000001743b5da300
Event: 8.693 Thread 0x000001743b5d7a80 Thread added: 0x000001743b5d7a80
Event: 8.910 Thread 0x000001743b5d93d0 Thread added: 0x000001743b5d93d0
Event: 9.411 Thread 0x000001743b5d7a80 Thread exited: 0x000001743b5d7a80
Event: 11.393 Thread 0x000001743b4f82b0 Thread exited: 0x000001743b4f82b0
Event: 12.432 Thread 0x000001743b5d8ec0 Thread added: 0x000001743b5d8ec0


Dynamic libraries:
0x00007ff7ab530000 - 0x00007ff7ab53e000 	c:\Users\pc\.vscode\extensions\redhat.java-1.35.1-win32-x64\jre\17.0.12-win32-x86_64\bin\java.exe
0x00007ffd22390000 - 0x00007ffd225a7000 	C:\WINDOWS\SYSTEM32\ntdll.dll
0x00007ffcf4210000 - 0x00007ffcf422a000 	C:\Program Files\Avast Software\Avast\aswhook.dll
0x00007ffd204a0000 - 0x00007ffd20564000 	C:\WINDOWS\System32\KERNEL32.DLL
0x00007ffd1fb70000 - 0x00007ffd1ff27000 	C:\WINDOWS\System32\KERNELBASE.dll
0x00007ffd1f720000 - 0x00007ffd1f831000 	C:\WINDOWS\System32\ucrtbase.dll
0x00007ffcf0e40000 - 0x00007ffcf0e57000 	c:\Users\pc\.vscode\extensions\redhat.java-1.35.1-win32-x64\jre\17.0.12-win32-x86_64\bin\jli.dll
0x00007ffd21840000 - 0x00007ffd219ef000 	C:\WINDOWS\System32\USER32.dll
0x00007ffd1f8b0000 - 0x00007ffd1f8d6000 	C:\WINDOWS\System32\win32u.dll
0x00007ffd21810000 - 0x00007ffd21839000 	C:\WINDOWS\System32\GDI32.dll
0x00007ffd1fa50000 - 0x00007ffd1fb68000 	C:\WINDOWS\System32\gdi32full.dll
0x00007ffd20020000 - 0x00007ffd200ba000 	C:\WINDOWS\System32\msvcp_win.dll
0x00007ffcf0e10000 - 0x00007ffcf0e2b000 	c:\Users\pc\.vscode\extensions\redhat.java-1.35.1-win32-x64\jre\17.0.12-win32-x86_64\bin\VCRUNTIME140.dll
0x00007ffcf9db0000 - 0x00007ffcfa043000 	C:\WINDOWS\WinSxS\amd64_microsoft.windows.common-controls_6595b64144ccf1df_6.0.22621.3672_none_2713b9d173822955\COMCTL32.dll
0x00007ffd216a0000 - 0x00007ffd21747000 	C:\WINDOWS\System32\msvcrt.dll
0x00007ffd21660000 - 0x00007ffd21691000 	C:\WINDOWS\System32\IMM32.DLL
0x00007ffd1af40000 - 0x00007ffd1af4c000 	c:\Users\pc\.vscode\extensions\redhat.java-1.35.1-win32-x64\jre\17.0.12-win32-x86_64\bin\vcruntime140_1.dll
0x00007ffcd8a90000 - 0x00007ffcd8b1d000 	c:\Users\pc\.vscode\extensions\redhat.java-1.35.1-win32-x64\jre\17.0.12-win32-x86_64\bin\msvcp140.dll
0x00007ffcbc820000 - 0x00007ffcbd48a000 	c:\Users\pc\.vscode\extensions\redhat.java-1.35.1-win32-x64\jre\17.0.12-win32-x86_64\bin\server\jvm.dll
0x00007ffd203e0000 - 0x00007ffd20492000 	C:\WINDOWS\System32\ADVAPI32.dll
0x00007ffd20860000 - 0x00007ffd20908000 	C:\WINDOWS\System32\sechost.dll
0x00007ffd1ff30000 - 0x00007ffd1ff58000 	C:\WINDOWS\System32\bcrypt.dll
0x00007ffd20590000 - 0x00007ffd206a4000 	C:\WINDOWS\System32\RPCRT4.dll
0x00007ffd222c0000 - 0x00007ffd22331000 	C:\WINDOWS\System32\WS2_32.dll
0x00007ffd1f570000 - 0x00007ffd1f5bd000 	C:\WINDOWS\SYSTEM32\POWRPROF.dll
0x00007ffd1ac90000 - 0x00007ffd1acc4000 	C:\WINDOWS\SYSTEM32\WINMM.dll
0x00007ffd1abe0000 - 0x00007ffd1abea000 	C:\WINDOWS\SYSTEM32\VERSION.dll
0x00007ffd1f550000 - 0x00007ffd1f563000 	C:\WINDOWS\SYSTEM32\UMPDC.dll
0x00007ffd1e6f0000 - 0x00007ffd1e708000 	C:\WINDOWS\SYSTEM32\kernel.appcore.dll
0x00007ffd1adc0000 - 0x00007ffd1adca000 	c:\Users\pc\.vscode\extensions\redhat.java-1.35.1-win32-x64\jre\17.0.12-win32-x86_64\bin\jimage.dll
0x00007ffd1cf10000 - 0x00007ffd1d142000 	C:\WINDOWS\SYSTEM32\DBGHELP.DLL
0x00007ffd212c0000 - 0x00007ffd2164e000 	C:\WINDOWS\System32\combase.dll
0x00007ffd200c0000 - 0x00007ffd20197000 	C:\WINDOWS\System32\OLEAUT32.dll
0x00007ffcf9d70000 - 0x00007ffcf9da2000 	C:\WINDOWS\SYSTEM32\dbgcore.DLL
0x00007ffd1f6a0000 - 0x00007ffd1f71b000 	C:\WINDOWS\System32\bcryptPrimitives.dll
0x00007ffd183d0000 - 0x00007ffd183de000 	c:\Users\pc\.vscode\extensions\redhat.java-1.35.1-win32-x64\jre\17.0.12-win32-x86_64\bin\instrument.dll
0x00007ffce8320000 - 0x00007ffce8345000 	c:\Users\pc\.vscode\extensions\redhat.java-1.35.1-win32-x64\jre\17.0.12-win32-x86_64\bin\java.dll
0x00007ffcef7a0000 - 0x00007ffcef7b8000 	c:\Users\pc\.vscode\extensions\redhat.java-1.35.1-win32-x64\jre\17.0.12-win32-x86_64\bin\zip.dll
0x00007ffd21a50000 - 0x00007ffd222b9000 	C:\WINDOWS\System32\SHELL32.dll
0x00007ffd1d610000 - 0x00007ffd1df0f000 	C:\WINDOWS\SYSTEM32\windows.storage.dll
0x00007ffd1d4d0000 - 0x00007ffd1d60f000 	C:\WINDOWS\SYSTEM32\wintypes.dll
0x00007ffd20da0000 - 0x00007ffd20e99000 	C:\WINDOWS\System32\SHCORE.dll
0x00007ffd201a0000 - 0x00007ffd201fe000 	C:\WINDOWS\System32\shlwapi.dll
0x00007ffd1f5d0000 - 0x00007ffd1f5f7000 	C:\WINDOWS\SYSTEM32\profapi.dll
0x00007ffce72c0000 - 0x00007ffce72d9000 	C:\Users\pc\.vscode\extensions\redhat.java-1.35.1-win32-x64\jre\17.0.12-win32-x86_64\bin\net.dll
0x00007ffd1be80000 - 0x00007ffd1bfb6000 	C:\WINDOWS\SYSTEM32\WINHTTP.dll
0x00007ffd1eb60000 - 0x00007ffd1ebc9000 	C:\WINDOWS\system32\mswsock.dll
0x00007ffce62d0000 - 0x00007ffce62e6000 	C:\Users\pc\.vscode\extensions\redhat.java-1.35.1-win32-x64\jre\17.0.12-win32-x86_64\bin\nio.dll
0x00007ffcf72b0000 - 0x00007ffcf72c0000 	c:\Users\pc\.vscode\extensions\redhat.java-1.35.1-win32-x64\jre\17.0.12-win32-x86_64\bin\verify.dll
0x00007ffce2060000 - 0x00007ffce20a5000 	C:\Users\pc\AppData\Roaming\Code\User\globalStorage\redhat.java\1.35.1\config_ss_win\org.eclipse.equinox.launcher\org.eclipse.equinox.launcher.win32.win32.x86_64_1.2.1100.v20240722-2106\eclipse_11904.dll
0x00007ffd206b0000 - 0x00007ffd20855000 	C:\WINDOWS\System32\ole32.dll
0x00007ffd1edb0000 - 0x00007ffd1edcb000 	C:\WINDOWS\SYSTEM32\CRYPTSP.dll
0x00007ffd1e650000 - 0x00007ffd1e685000 	C:\WINDOWS\system32\rsaenh.dll
0x00007ffd1ec50000 - 0x00007ffd1ec78000 	C:\WINDOWS\SYSTEM32\USERENV.dll
0x00007ffd1edd0000 - 0x00007ffd1eddc000 	C:\WINDOWS\SYSTEM32\CRYPTBASE.dll
0x00007ffd1e170000 - 0x00007ffd1e19d000 	C:\WINDOWS\SYSTEM32\IPHLPAPI.DLL
0x00007ffd21650000 - 0x00007ffd21659000 	C:\WINDOWS\System32\NSI.dll
0x00007ffd1bd90000 - 0x00007ffd1bda9000 	C:\WINDOWS\SYSTEM32\dhcpcsvc6.DLL
0x00007ffd1bd70000 - 0x00007ffd1bd8f000 	C:\WINDOWS\SYSTEM32\dhcpcsvc.DLL
0x00007ffd1e1e0000 - 0x00007ffd1e2e2000 	C:\WINDOWS\SYSTEM32\DNSAPI.dll
0x00007ffcd5810000 - 0x00007ffcd5859000 	C:\Users\pc\AppData\Local\Temp\jna-3571\jna7172461121912288323.dll
0x00007ffd22340000 - 0x00007ffd22348000 	C:\WINDOWS\System32\PSAPI.DLL

dbghelp: loaded successfully - version: 4.0.5 - missing functions: none
symbol engine: initialized successfully - sym options: 0x614 - pdb path: .;c:\Users\pc\.vscode\extensions\redhat.java-1.35.1-win32-x64\jre\17.0.12-win32-x86_64\bin;C:\WINDOWS\SYSTEM32;C:\Program Files\Avast Software\Avast;C:\WINDOWS\WinSxS\amd64_microsoft.windows.common-controls_6595b64144ccf1df_6.0.22621.3672_none_2713b9d173822955;c:\Users\pc\.vscode\extensions\redhat.java-1.35.1-win32-x64\jre\17.0.12-win32-x86_64\bin\server;C:\Users\pc\AppData\Roaming\Code\User\globalStorage\redhat.java\1.35.1\config_ss_win\org.eclipse.equinox.launcher\org.eclipse.equinox.launcher.win32.win32.x86_64_1.2.1100.v20240722-2106;C:\Users\pc\AppData\Local\Temp\jna-3571

VM Arguments:
jvm_args: --add-modules=ALL-SYSTEM --add-opens=java.base/java.util=ALL-UNNAMED --add-opens=java.base/java.lang=ALL-UNNAMED --add-opens=java.base/sun.nio.fs=ALL-UNNAMED -Declipse.application=org.eclipse.jdt.ls.core.id1 -Dosgi.bundles.defaultStartLevel=4 -Declipse.product=org.eclipse.jdt.ls.core.product -Djava.import.generatesMetadataFilesAtProjectRoot=false -DDetectVMInstallationsJob.disabled=true -Dfile.encoding=utf8 -XX:+UseParallelGC -XX:GCTimeRatio=4 -XX:AdaptiveSizePolicyWeight=90 -Dsun.zip.disableMemoryMapping=true -Xmx1G -Xms100m -Xlog:disable -javaagent:c:\Users\pc\.vscode\extensions\redhat.java-1.35.1-win32-x64\lombok\lombok-1.18.33.jar 
java_command: c:\Users\pc\.vscode\extensions\redhat.java-1.35.1-win32-x64\server\plugins\org.eclipse.equinox.launcher_1.6.900.v20240613-2009.jar -configuration c:\Users\pc\AppData\Roaming\Code\User\globalStorage\redhat.java\1.35.1\config_ss_win -data c:\Users\pc\AppData\Roaming\Code\User\workspaceStorage\b62db1bfc04d2c11a2b7149a988de117\redhat.java\ss_ws --pipe=\\.\pipe\lsp-98e4bd6ae5e59ecb484e3d121f897f59-sock
java_class_path (initial): c:\Users\pc\.vscode\extensions\redhat.java-1.35.1-win32-x64\server\plugins\org.eclipse.equinox.launcher_1.6.900.v20240613-2009.jar
Launcher Type: SUN_STANDARD

[Global flags]
    uintx AdaptiveSizePolicyWeight                 = 90                                        {product} {command line}
     intx CICompilerCount                          = 4                                         {product} {ergonomic}
    uintx GCTimeRatio                              = 4                                         {product} {command line}
   size_t InitialHeapSize                          = 104857600                                 {product} {command line}
   size_t MaxHeapSize                              = 1073741824                                {product} {command line}
   size_t MaxNewSize                               = 357564416                                 {product} {ergonomic}
   size_t MinHeapDeltaBytes                        = 524288                                    {product} {ergonomic}
   size_t MinHeapSize                              = 104857600                                 {product} {command line}
   size_t NewSize                                  = 34603008                                  {product} {ergonomic}
    uintx NonNMethodCodeHeapSize                   = 5839372                                {pd product} {ergonomic}
    uintx NonProfiledCodeHeapSize                  = 122909434                              {pd product} {ergonomic}
   size_t OldSize                                  = 70254592                                  {product} {ergonomic}
    uintx ProfiledCodeHeapSize                     = 122909434                              {pd product} {ergonomic}
    uintx ReservedCodeCacheSize                    = 251658240                              {pd product} {ergonomic}
     bool SegmentedCodeCache                       = true                                      {product} {ergonomic}
   size_t SoftMaxHeapSize                          = 1073741824                             {manageable} {ergonomic}
     bool UseCompressedClassPointers               = true                           {product lp64_product} {ergonomic}
     bool UseCompressedOops                        = true                           {product lp64_product} {ergonomic}
     bool UseLargePagesIndividualAllocation        = false                                  {pd product} {ergonomic}
     bool UseParallelGC                            = true                                      {product} {command line}

Logging:
Log output configuration:
 #0: stdout all=off uptime,level,tags
 #1: stderr all=off uptime,level,tags

Environment Variables:
JAVA_HOME=C:\Program Files\Java\jdk-17\
PATH=C:\Program Files\Microsoft\jdk-17.0.11.9-hotspot\bin;C:\Program Files\Common Files\Oracle\Java\javapath;C:\Program Files (x86)\Common Files\Oracle\Java\javapath;C:\WINDOWS\system32;C:\WINDOWS;C:\WINDOWS\System32\Wbem;C:\WINDOWS\System32\WindowsPowerShell\v1.0\;C:\WINDOWS\System32\OpenSSH\;C:\Program Files\Java\jdk-21\bin;C:\Program Files\Java\jdk-17\bin;C:\Program Files\OpenSSL-Win64\bin;C:\Users\pc\gradle-8.6\bin;C:\Program Files\MySQL\MySQL Server 8.0\bin;C:\ProgramData\chocolatey\bin;C:\Windows\System32\lib;C:\Program Files\nodejs\;C:\Users\pc\AppData\Local\Android\android_sdk\cmdline-tools\latest\bin;C:\Users\pc\AppData\Local\Android\android_sdk\platform-tools;C:\Users\pc\AppData\Local\Android\android_sdk\tools;C:\Users\pc\AppData\Local\Android\android_sdk\tools\bin;C:\Program Files\Git\cmd;C:\Program Files\Microsoft\jdk-17.0.11.9-hotspot\bin;C:\Program Files\Common Files\Oracle\Java\javapath;C:\Program Files (x86)\Common Files\Oracle\Java\javapath;C:\WINDOWS\system32;C:\WINDOWS;C:\WINDOWS\System32\Wbem;C:\WINDOWS\System32\WindowsPowerShell\v1.0\;C:\WINDOWS\System32\OpenSSH\;C:\Program Files\Java\jdk-21\bin;C:\Program Files\Java\jdk-17\bin;C:\Program Files\OpenSSL-Win64\bin;C:\Users\pc\gradle-8.6\bin;C:\Program Files\MySQL\MySQL Server 8.0\bin;C:\ProgramData\chocolatey\bin;C:\Windows\System32\lib;C:\Program Files\Git\cmd;C:\Program Files\nodejs\;C:\Users\pc\AppData\Local\Android\android_sdk\cmdline-tools\latest\bin;C:\Users\pc\AppData\Local\Android\android_sdk\platform-tools;C:\Users\pc\AppData\Local\Programs\Python\Python312\Scripts\;C:\Users\pc\AppData\Local\Programs\Python\Python312\;C:\Users\pc\AppData\Local\Microsoft\WindowsApps;C:\Users\pc\AppData\Local\Programs\Microsoft VS Code\bin;C:\Users\pc\AppData\Roaming\npm;C:\Users\pc\AppData\Local\Andro;C:\dev\MobileApp\flutter_windows_3.24.3-stable\flutter\bin;
USERNAME=pc
OS=Windows_NT
PROCESSOR_IDENTIFIER=Intel64 Family 6 Model 140 Stepping 1, GenuineIntel
TMP=C:\Users\pc\AppData\Local\Temp
TEMP=C:\Users\pc\AppData\Local\Temp



Periodic native trim disabled


---------------  S Y S T E M  ---------------

OS:
 Windows 11 , 64 bit Build 22621 (10.0.22621.3958)
OS uptime: 5 days 18:21 hours

CPU: total 8 (initial active 8) (4 cores per cpu, 2 threads per core) family 6 model 140 stepping 1 microcode 0xac, cx8, cmov, fxsr, ht, mmx, 3dnowpref, sse, sse2, sse3, ssse3, sse4.1, sse4.2, popcnt, lzcnt, tsc, tscinvbit, avx, avx2, aes, erms, clmul, bmi1, bmi2, adx, avx512f, avx512dq, avx512cd, avx512bw, avx512vl, sha, fma, vzeroupper, avx512_vpopcntdq, avx512_vpclmulqdq, avx512_vaes, avx512_vnni, clflush, clflushopt, clwb, avx512_vbmi2, avx512_vbmi
Processor Information for processor 0
  Max Mhz: 2419, Current Mhz: 1007, Mhz Limit: 2419
Processor Information for processor 1
  Max Mhz: 2419, Current Mhz: 1007, Mhz Limit: 2419
Processor Information for processor 2
  Max Mhz: 2419, Current Mhz: 2419, Mhz Limit: 2419
Processor Information for processor 3
  Max Mhz: 2419, Current Mhz: 2419, Mhz Limit: 2419
Processor Information for processor 4
  Max Mhz: 2419, Current Mhz: 2419, Mhz Limit: 2419
Processor Information for processor 5
  Max Mhz: 2419, Current Mhz: 2419, Mhz Limit: 2419
Processor Information for processor 6
  Max Mhz: 2419, Current Mhz: 2419, Mhz Limit: 2419
Processor Information for processor 7
  Max Mhz: 2419, Current Mhz: 2419, Mhz Limit: 2419

Memory: 4k page, system-wide physical 7932M (273M free)
TotalPageFile size 19523M (AvailPageFile size 0M)
current process WorkingSet (physical memory assigned to process): 126M, peak: 143M
current process commit charge ("private bytes"): 233M, peak: 249M

vm_info: OpenJDK 64-Bit Server VM (17.0.12+7) for windows-amd64 JRE (17.0.12+7), built on Jul 16 2024 22:08:24 by "admin" with MS VC++ 16.10 / 16.11 (VS2019)

END.
